Flow report for Digital_filters
Thu Dec 09 19:23:07 2021
Quartus Prime Version 17.1.0 Build 590 10/25/2017 SJ Standard Edition


---------------------
; Table of Contents ;
---------------------
  1. Legal Notice
  2. Flow Summary
  3. Flow Settings
  4. Flow Non-Default Global Settings
  5. Flow Elapsed Time
  6. Flow OS Summary
  7. Flow Log
  8. Flow Messages
  9. Flow Suppressed Messages



----------------
; Legal Notice ;
----------------
Copyright (C) 2017  Intel Corporation. All rights reserved.
Your use of Intel Corporation's design tools, logic functions 
and other software and tools, and its AMPP partner logic 
functions, and any output files from any of the foregoing 
(including device programming or simulation files), and any 
associated documentation or information are expressly subject 
to the terms and conditions of the Intel Program License 
Subscription Agreement, the Intel Quartus Prime License Agreement,
the Intel FPGA IP License Agreement, or other applicable license
agreement, including, without limitation, that your use is for
the sole purpose of programming logic devices manufactured by
Intel and sold by Intel or its authorized distributors.  Please
refer to the applicable agreement for further details.



+-----------------------------------------------------------------------------------+
; Flow Summary                                                                      ;
+---------------------------------+-------------------------------------------------+
; Flow Status                     ; Flow Failed - Thu Dec 09 19:23:07 2021          ;
; Quartus Prime Version           ; 17.1.0 Build 590 10/25/2017 SJ Standard Edition ;
; Revision Name                   ; Digital_filters                                 ;
; Top-level Entity Name           ; top                                             ;
; Family                          ; Cyclone V                                       ;
; Device                          ; 5CSEBA6U23I7                                    ;
; Timing Models                   ; Final                                           ;
; Logic utilization (in ALMs)     ; 711 / 41,910 ( 2 % )                            ;
; Total registers                 ; 975                                             ;
; Total pins                      ; 101 / 314 ( 32 % )                              ;
; Total virtual pins              ; 0                                               ;
; Total block memory bits         ; 640 / 5,662,720 ( < 1 % )                       ;
; Total DSP Blocks                ; 26 / 112 ( 23 % )                               ;
; Total HSSI RX PCSs              ; 0                                               ;
; Total HSSI PMA RX Deserializers ; 0                                               ;
; Total HSSI TX PCSs              ; 0                                               ;
; Total HSSI PMA TX Serializers   ; 0                                               ;
; Total PLLs                      ; 0 / 6 ( 0 % )                                   ;
; Total DLLs                      ; 0 / 4 ( 0 % )                                   ;
+---------------------------------+-------------------------------------------------+


+-----------------------------------------+
; Flow Settings                           ;
+-------------------+---------------------+
; Option            ; Setting             ;
+-------------------+---------------------+
; Start date & time ; 12/09/2021 19:22:15 ;
; Main task         ; Compilation         ;
; Revision Name     ; Digital_filters     ;
+-------------------+---------------------+


+--------------------------------------------------------------------------------------------------------------------------------------------------------+
; Flow Non-Default Global Settings                                                                                                                       ;
+--------------------------------------+------------------------------------------------------------+-----------------+-------------+--------------------+
; Assignment Name                      ; Value                                                      ; Default Value   ; Entity Name ; Section Id         ;
+--------------------------------------+------------------------------------------------------------+-----------------+-------------+--------------------+
; COMPILER_SIGNATURE_ID                ; 93180998182652.163907053413692                             ; --              ; --          ; --                 ;
; EDA_DESIGN_INSTANCE_NAME             ; NA                                                         ; --              ; --          ; tb                 ;
; EDA_NATIVELINK_GENERATE_SCRIPT_ONLY  ; Off                                                        ; --              ; --          ; eda_simulation     ;
; EDA_NATIVELINK_SIMULATION_TEST_BENCH ; tb                                                         ; --              ; --          ; eda_simulation     ;
; EDA_OUTPUT_DATA_FORMAT               ; Systemverilog Hdl                                          ; --              ; --          ; eda_simulation     ;
; EDA_RUN_TOOL_AUTOMATICALLY           ; Off                                                        ; --              ; --          ; eda_simulation     ;
; EDA_SIMULATION_RUN_SCRIPT            ; src/Digital_filters_run_msim_rtl_systemverilog.do          ; --              ; --          ; eda_simulation     ;
; EDA_SIMULATION_TOOL                  ; ModelSim-Altera (SystemVerilog)                            ; <None>          ; --          ; --                 ;
; EDA_TEST_BENCH_ENABLE_STATUS         ; COMMAND_MACRO_MODE                                         ; --              ; --          ; eda_simulation     ;
; EDA_TEST_BENCH_FILE                  ; src/testbenches/tb.sv                                      ; --              ; --          ; tb                 ;
; EDA_TEST_BENCH_MODULE_NAME           ; tb                                                         ; --              ; --          ; tb                 ;
; EDA_TEST_BENCH_NAME                  ; tb                                                         ; --              ; --          ; eda_simulation     ;
; EDA_TEST_BENCH_RUN_SIM_FOR           ; 1000 us                                                    ; --              ; --          ; tb                 ;
; EDA_TIME_SCALE                       ; 1 us                                                       ; --              ; --          ; eda_simulation     ;
; ENABLE_SIGNALTAP                     ; On                                                         ; --              ; --          ; --                 ;
; MAX_CORE_JUNCTION_TEMP               ; 100                                                        ; --              ; --          ; --                 ;
; MIN_CORE_JUNCTION_TEMP               ; -40                                                        ; --              ; --          ; --                 ;
; MISC_FILE                            ; nco15bit/simulation/../../nco15bit.qsys                    ; --              ; --          ; --                 ;
; MISC_FILE                            ; nco15bit/simulation/nco15bit.v                             ; --              ; --          ; --                 ;
; MISC_FILE                            ; nco15bit/simulation/submodules/mentor/asj_nco_mob_rw.v     ; --              ; --          ; --                 ;
; MISC_FILE                            ; nco15bit/simulation/submodules/aldec/asj_nco_mob_rw.v      ; --              ; --          ; --                 ;
; MISC_FILE                            ; nco15bit/simulation/submodules/mentor/asj_nco_isdr.v       ; --              ; --          ; --                 ;
; MISC_FILE                            ; nco15bit/simulation/submodules/aldec/asj_nco_isdr.v        ; --              ; --          ; --                 ;
; MISC_FILE                            ; nco15bit/simulation/submodules/mentor/asj_nco_apr_dxx.v    ; --              ; --          ; --                 ;
; MISC_FILE                            ; nco15bit/simulation/submodules/aldec/asj_nco_apr_dxx.v     ; --              ; --          ; --                 ;
; MISC_FILE                            ; nco15bit/simulation/submodules/mentor/asj_dxx_g.v          ; --              ; --          ; --                 ;
; MISC_FILE                            ; nco15bit/simulation/submodules/aldec/asj_dxx_g.v           ; --              ; --          ; --                 ;
; MISC_FILE                            ; nco15bit/simulation/submodules/mentor/asj_dxx.v            ; --              ; --          ; --                 ;
; MISC_FILE                            ; nco15bit/simulation/submodules/aldec/asj_dxx.v             ; --              ; --          ; --                 ;
; MISC_FILE                            ; nco15bit/simulation/submodules/mentor/asj_gal.v            ; --              ; --          ; --                 ;
; MISC_FILE                            ; nco15bit/simulation/submodules/aldec/asj_gal.v             ; --              ; --          ; --                 ;
; MISC_FILE                            ; nco15bit/simulation/submodules/mentor/asj_nco_as_m_cen.v   ; --              ; --          ; --                 ;
; MISC_FILE                            ; nco15bit/simulation/submodules/aldec/asj_nco_as_m_cen.v    ; --              ; --          ; --                 ;
; MISC_FILE                            ; nco15bit/simulation/submodules/mentor/asj_altqmcpipe.v     ; --              ; --          ; --                 ;
; MISC_FILE                            ; nco15bit/simulation/submodules/aldec/asj_altqmcpipe.v      ; --              ; --          ; --                 ;
; MISC_FILE                            ; nco15bit/simulation/submodules/nco15bit_nco_ii_0_sin.hex   ; --              ; --          ; --                 ;
; MISC_FILE                            ; nco15bit/simulation/submodules/nco15bit_nco_ii_0.v         ; --              ; --          ; --                 ;
; MISC_FILE                            ; nco15bit/simulation/submodules/nco15bit_nco_ii_0_tb.vhd    ; --              ; --          ; --                 ;
; MISC_FILE                            ; nco15bit/simulation/submodules/c_model/model_wrapper.cpp   ; --              ; --          ; --                 ;
; MISC_FILE                            ; nco15bit/simulation/submodules/c_model/nco_model.cpp       ; --              ; --          ; --                 ;
; MISC_FILE                            ; nco15bit/simulation/submodules/c_model/nco_model.h         ; --              ; --          ; --                 ;
; MISC_FILE                            ; nco15bit/synthesis/../nco15bit.cmp                         ; --              ; --          ; --                 ;
; MISC_FILE                            ; nco15bit/synthesis/../../nco15bit.qsys                     ; --              ; --          ; --                 ;
; PARTITION_COLOR                      ; -- (Not supported for targeted family)                     ; --              ; top         ; Top                ;
; PARTITION_FITTER_PRESERVATION_LEVEL  ; -- (Not supported for targeted family)                     ; --              ; top         ; Top                ;
; PARTITION_NETLIST_TYPE               ; -- (Not supported for targeted family)                     ; --              ; top         ; Top                ;
; POWER_BOARD_THERMAL_MODEL            ; None (CONSERVATIVE)                                        ; --              ; --          ; --                 ;
; POWER_PRESET_COOLING_SOLUTION        ; 23 MM HEAT SINK WITH 200 LFPM AIRFLOW                      ; --              ; --          ; --                 ;
; PROJECT_OUTPUT_DIRECTORY             ; output_files                                               ; --              ; --          ; --                 ;
; SLD_FILE                             ; nco15bit/synthesis/nco15bit.debuginfo                      ; --              ; --          ; --                 ;
; SLD_FILE                             ; db/Digital_filters_auto_stripped.stp                       ; --              ; --          ; --                 ;
; SLD_INFO                             ; QSYS_NAME nco15bit HAS_SOPCINFO 1 GENERATION_ID 1635982265 ; --              ; nco15bit    ; --                 ;
; SLD_NODE_CREATOR_ID                  ; 110                                                        ; --              ; --          ; Digital_filter_stp ;
; SLD_NODE_ENTITY_NAME                 ; sld_signaltap                                              ; --              ; --          ; Digital_filter_stp ;
; SLD_NODE_PARAMETER_ASSIGNMENT        ; SLD_RAM_BLOCK_TYPE=AUTO                                    ; --              ; --          ; Digital_filter_stp ;
; SLD_NODE_PARAMETER_ASSIGNMENT        ; SLD_DATA_BITS=88                                           ; --              ; --          ; Digital_filter_stp ;
; SLD_NODE_PARAMETER_ASSIGNMENT        ; SLD_TRIGGER_BITS=1                                         ; --              ; --          ; Digital_filter_stp ;
; SLD_NODE_PARAMETER_ASSIGNMENT        ; SLD_STORAGE_QUALIFIER_BITS=88                              ; --              ; --          ; Digital_filter_stp ;
; SLD_NODE_PARAMETER_ASSIGNMENT        ; SLD_NODE_INFO=805334528                                    ; --              ; --          ; Digital_filter_stp ;
; SLD_NODE_PARAMETER_ASSIGNMENT        ; SLD_POWER_UP_TRIGGER=0                                     ; --              ; --          ; Digital_filter_stp ;
; SLD_NODE_PARAMETER_ASSIGNMENT        ; SLD_INVERSION_MASK=000000000000000000                      ; --              ; --          ; Digital_filter_stp ;
; SLD_NODE_PARAMETER_ASSIGNMENT        ; SLD_INVERSION_MASK_LENGTH=18                               ; --              ; --          ; Digital_filter_stp ;
; SLD_NODE_PARAMETER_ASSIGNMENT        ; SLD_STORAGE_QUALIFIER_INVERSION_MASK_LENGTH=0              ; --              ; --          ; Digital_filter_stp ;
; SLD_NODE_PARAMETER_ASSIGNMENT        ; SLD_SEGMENT_SIZE=1                                         ; --              ; --          ; Digital_filter_stp ;
; SLD_NODE_PARAMETER_ASSIGNMENT        ; SLD_ATTRIBUTE_MEM_MODE=OFF                                 ; --              ; --          ; Digital_filter_stp ;
; SLD_NODE_PARAMETER_ASSIGNMENT        ; SLD_STATE_FLOW_USE_GENERATED=0                             ; --              ; --          ; Digital_filter_stp ;
; SLD_NODE_PARAMETER_ASSIGNMENT        ; SLD_STATE_BITS=11                                          ; --              ; --          ; Digital_filter_stp ;
; SLD_NODE_PARAMETER_ASSIGNMENT        ; SLD_BUFFER_FULL_STOP=1                                     ; --              ; --          ; Digital_filter_stp ;
; SLD_NODE_PARAMETER_ASSIGNMENT        ; SLD_CURRENT_RESOURCE_WIDTH=1                               ; --              ; --          ; Digital_filter_stp ;
; SLD_NODE_PARAMETER_ASSIGNMENT        ; SLD_INCREMENTAL_ROUTING=1                                  ; --              ; --          ; Digital_filter_stp ;
; SLD_NODE_PARAMETER_ASSIGNMENT        ; SLD_TRIGGER_LEVEL=1                                        ; --              ; --          ; Digital_filter_stp ;
; SLD_NODE_PARAMETER_ASSIGNMENT        ; SLD_SAMPLE_DEPTH=0                                         ; --              ; --          ; Digital_filter_stp ;
; SLD_NODE_PARAMETER_ASSIGNMENT        ; SLD_TRIGGER_IN_ENABLED=0                                   ; --              ; --          ; Digital_filter_stp ;
; SLD_NODE_PARAMETER_ASSIGNMENT        ; SLD_TRIGGER_PIPELINE=0                                     ; --              ; --          ; Digital_filter_stp ;
; SLD_NODE_PARAMETER_ASSIGNMENT        ; SLD_RAM_PIPELINE=0                                         ; --              ; --          ; Digital_filter_stp ;
; SLD_NODE_PARAMETER_ASSIGNMENT        ; SLD_COUNTER_PIPELINE=0                                     ; --              ; --          ; Digital_filter_stp ;
; SLD_NODE_PARAMETER_ASSIGNMENT        ; SLD_ADVANCED_TRIGGER_ENTITY=basic,1,                       ; --              ; --          ; Digital_filter_stp ;
; SLD_NODE_PARAMETER_ASSIGNMENT        ; SLD_TRIGGER_LEVEL_PIPELINE=1                               ; --              ; --          ; Digital_filter_stp ;
; SLD_NODE_PARAMETER_ASSIGNMENT        ; SLD_ENABLE_ADVANCED_TRIGGER=0                              ; --              ; --          ; Digital_filter_stp ;
; SOPCINFO_FILE                        ; nco15bit/synthesis/../../nco15bit.sopcinfo                 ; --              ; --          ; --                 ;
; SPD_FILE                             ; nco15bit/simulation/../nco15bit.spd                        ; --              ; --          ; --                 ;
; SYNTHESIS_ONLY_QIP                   ; On                                                         ; --              ; --          ; --                 ;
; TOP_LEVEL_ENTITY                     ; top                                                        ; Digital_filters ; --          ; --                 ;
; USE_SIGNALTAP_FILE                   ; Digital_filters.stp                                        ; --              ; --          ; --                 ;
; VERILOG_INPUT_VERSION                ; SystemVerilog_2005                                         ; Verilog_2001    ; --          ; --                 ;
; VERILOG_SHOW_LMF_MAPPING_MESSAGES    ; Off                                                        ; --              ; --          ; --                 ;
+--------------------------------------+------------------------------------------------------------+-----------------+-------------+--------------------+


+--------------------------------------------------------------------------------------------------------------------------+
; Flow Elapsed Time                                                                                                        ;
+----------------------+--------------+-------------------------+---------------------+------------------------------------+
; Module Name          ; Elapsed Time ; Average Processors Used ; Peak Virtual Memory ; Total CPU Time (on all processors) ;
+----------------------+--------------+-------------------------+---------------------+------------------------------------+
; Analysis & Synthesis ; 00:00:29     ; 1.0                     ; 4969 MB             ; 00:00:48                           ;
; Fitter               ; 00:00:22     ; 1.0                     ; 5484 MB             ; 00:00:22                           ;
; Total                ; 00:00:51     ; --                      ; --                  ; 00:01:10                           ;
+----------------------+--------------+-------------------------+---------------------+------------------------------------+


+------------------------------------------------------------------------------------+
; Flow OS Summary                                                                    ;
+----------------------+------------------+------------+------------+----------------+
; Module Name          ; Machine Hostname ; OS Name    ; OS Version ; Processor type ;
+----------------------+------------------+------------+------------+----------------+
; Analysis & Synthesis ; DESKTOP-HQFE32B  ; Windows 10 ; 10.0       ; x86_64         ;
; Fitter               ; DESKTOP-HQFE32B  ; Windows 10 ; 10.0       ; x86_64         ;
+----------------------+------------------+------------+------------+----------------+


------------
; Flow Log ;
------------
quartus_map --read_settings_files=on --write_settings_files=off Digital_filters -c Digital_filters
quartus_fit --read_settings_files=off --write_settings_files=off Digital_filters -c Digital_filters



