Analysis & Synthesis report for Digital_filters
Thu Dec 16 22:31:07 2021
Quartus Prime Version 17.1.0 Build 590 10/25/2017 SJ Standard Edition


---------------------
; Table of Contents ;
---------------------
  1. Legal Notice
  2. Analysis & Synthesis Summary
  3. Analysis & Synthesis Settings
  4. Parallel Compilation
  5. Analysis & Synthesis Messages



----------------
; Legal Notice ;
----------------
Copyright (C) 2017  Intel Corporation. All rights reserved.
Your use of Intel Corporation's design tools, logic functions 
and other software and tools, and its AMPP partner logic 
functions, and any output files from any of the foregoing 
(including device programming or simulation files), and any 
associated documentation or information are expressly subject 
to the terms and conditions of the Intel Program License 
Subscription Agreement, the Intel Quartus Prime License Agreement,
the Intel FPGA IP License Agreement, or other applicable license
agreement, including, without limitation, that your use is for
the sole purpose of programming logic devices manufactured by
Intel and sold by Intel or its authorized distributors.  Please
refer to the applicable agreement for further details.



+-------------------------------------------------------------------------------+
; Analysis & Synthesis Summary                                                  ;
+-----------------------------+-------------------------------------------------+
; Analysis & Synthesis Status ; Failed - Thu Dec 16 22:31:07 2021               ;
; Quartus Prime Version       ; 17.1.0 Build 590 10/25/2017 SJ Standard Edition ;
; Revision Name               ; Digital_filters                                 ;
; Top-level Entity Name       ; ltc_2308                                        ;
; Family                      ; Cyclone V                                       ;
; Logic utilization (in ALMs) ; N/A until Partition Merge                       ;
; Total registers             ; N/A until Partition Merge                       ;
; Total pins                  ; N/A until Partition Merge                       ;
; Total virtual pins          ; N/A until Partition Merge                       ;
; Total block memory bits     ; N/A until Partition Merge                       ;
; Total PLLs                  ; N/A until Partition Merge                       ;
; Total DLLs                  ; N/A until Partition Merge                       ;
+-----------------------------+-------------------------------------------------+


+---------------------------------------------------------------------------------------------------------------------------+
; Analysis & Synthesis Settings                                                                                             ;
+---------------------------------------------------------------------------------+--------------------+--------------------+
; Option                                                                          ; Setting            ; Default Value      ;
+---------------------------------------------------------------------------------+--------------------+--------------------+
; Device                                                                          ; 5CSEBA6U23I7       ;                    ;
; Top-level entity name                                                           ; ltc_2308           ; Digital_filters    ;
; Family name                                                                     ; Cyclone V          ; Cyclone V          ;
; Verilog Show LMF Mapping Messages                                               ; Off                ;                    ;
; Use smart compilation                                                           ; Off                ; Off                ;
; Enable parallel Assembler and TimeQuest Timing Analyzer during compilation      ; On                 ; On                 ;
; Enable compact report table                                                     ; Off                ; Off                ;
; Restructure Multiplexers                                                        ; Auto               ; Auto               ;
; MLAB Add Timing Constraints For Mixed-Port Feed-Through Mode Setting Don't Care ; Off                ; Off                ;
; Create Debugging Nodes for IP Cores                                             ; Off                ; Off                ;
; Preserve fewer node names                                                       ; On                 ; On                 ;
; Intel FPGA IP Evaluation Mode                                                   ; Enable             ; Enable             ;
; Verilog Version                                                                 ; Verilog_2001       ; Verilog_2001       ;
; VHDL Version                                                                    ; VHDL_1993          ; VHDL_1993          ;
; State Machine Processing                                                        ; Auto               ; Auto               ;
; Safe State Machine                                                              ; Off                ; Off                ;
; Extract Verilog State Machines                                                  ; On                 ; On                 ;
; Extract VHDL State Machines                                                     ; On                 ; On                 ;
; Ignore Verilog initial constructs                                               ; Off                ; Off                ;
; Iteration limit for constant Verilog loops                                      ; 5000               ; 5000               ;
; Iteration limit for non-constant Verilog loops                                  ; 250                ; 250                ;
; Add Pass-Through Logic to Inferred RAMs                                         ; On                 ; On                 ;
; Infer RAMs from Raw Logic                                                       ; On                 ; On                 ;
; Parallel Synthesis                                                              ; On                 ; On                 ;
; DSP Block Balancing                                                             ; Auto               ; Auto               ;
; NOT Gate Push-Back                                                              ; On                 ; On                 ;
; Power-Up Don't Care                                                             ; On                 ; On                 ;
; Remove Redundant Logic Cells                                                    ; Off                ; Off                ;
; Remove Duplicate Registers                                                      ; On                 ; On                 ;
; Ignore CARRY Buffers                                                            ; Off                ; Off                ;
; Ignore CASCADE Buffers                                                          ; Off                ; Off                ;
; Ignore GLOBAL Buffers                                                           ; Off                ; Off                ;
; Ignore ROW GLOBAL Buffers                                                       ; Off                ; Off                ;
; Ignore LCELL Buffers                                                            ; Off                ; Off                ;
; Ignore SOFT Buffers                                                             ; On                 ; On                 ;
; Limit AHDL Integers to 32 Bits                                                  ; Off                ; Off                ;
; Optimization Technique                                                          ; Balanced           ; Balanced           ;
; Carry Chain Length                                                              ; 70                 ; 70                 ;
; Auto Carry Chains                                                               ; On                 ; On                 ;
; Auto Open-Drain Pins                                                            ; On                 ; On                 ;
; Perform WYSIWYG Primitive Resynthesis                                           ; Off                ; Off                ;
; Auto ROM Replacement                                                            ; On                 ; On                 ;
; Auto RAM Replacement                                                            ; On                 ; On                 ;
; Auto DSP Block Replacement                                                      ; On                 ; On                 ;
; Auto Shift Register Replacement                                                 ; Auto               ; Auto               ;
; Allow Shift Register Merging across Hierarchies                                 ; Auto               ; Auto               ;
; Auto Clock Enable Replacement                                                   ; On                 ; On                 ;
; Strict RAM Replacement                                                          ; Off                ; Off                ;
; Allow Synchronous Control Signals                                               ; On                 ; On                 ;
; Force Use of Synchronous Clear Signals                                          ; Off                ; Off                ;
; Auto Resource Sharing                                                           ; Off                ; Off                ;
; Allow Any RAM Size For Recognition                                              ; Off                ; Off                ;
; Allow Any ROM Size For Recognition                                              ; Off                ; Off                ;
; Allow Any Shift Register Size For Recognition                                   ; Off                ; Off                ;
; Use LogicLock Constraints during Resource Balancing                             ; On                 ; On                 ;
; Ignore translate_off and synthesis_off directives                               ; Off                ; Off                ;
; Timing-Driven Synthesis                                                         ; On                 ; On                 ;
; Report Parameter Settings                                                       ; On                 ; On                 ;
; Report Source Assignments                                                       ; On                 ; On                 ;
; Report Connectivity Checks                                                      ; On                 ; On                 ;
; Ignore Maximum Fan-Out Assignments                                              ; Off                ; Off                ;
; Synchronization Register Chain Length                                           ; 3                  ; 3                  ;
; Power Optimization During Synthesis                                             ; Normal compilation ; Normal compilation ;
; HDL message level                                                               ; Level2             ; Level2             ;
; Suppress Register Optimization Related Messages                                 ; Off                ; Off                ;
; Number of Removed Registers Reported in Synthesis Report                        ; 5000               ; 5000               ;
; Number of Swept Nodes Reported in Synthesis Report                              ; 5000               ; 5000               ;
; Number of Inverted Registers Reported in Synthesis Report                       ; 100                ; 100                ;
; Clock MUX Protection                                                            ; On                 ; On                 ;
; Auto Gated Clock Conversion                                                     ; Off                ; Off                ;
; Block Design Naming                                                             ; Auto               ; Auto               ;
; SDC constraint protection                                                       ; Off                ; Off                ;
; Synthesis Effort                                                                ; Auto               ; Auto               ;
; Shift Register Replacement - Allow Asynchronous Clear Signal                    ; On                 ; On                 ;
; Pre-Mapping Resynthesis Optimization                                            ; Off                ; Off                ;
; Analysis & Synthesis Message Level                                              ; Medium             ; Medium             ;
; Disable Register Merging Across Hierarchies                                     ; Auto               ; Auto               ;
; Resource Aware Inference For Block RAM                                          ; On                 ; On                 ;
; Automatic Parallel Synthesis                                                    ; On                 ; On                 ;
; Partial Reconfiguration Bitstream ID                                            ; Off                ; Off                ;
+---------------------------------------------------------------------------------+--------------------+--------------------+


+------------------------------------------+
; Parallel Compilation                     ;
+----------------------------+-------------+
; Processors                 ; Number      ;
+----------------------------+-------------+
; Number detected on machine ; 8           ;
; Maximum allowed            ; 4           ;
;                            ;             ;
; Average used               ; 1.00        ;
; Maximum used               ; 1           ;
;                            ;             ;
; Usage by Processor         ; % Time Used ;
;     Processor 1            ; 100.0%      ;
+----------------------------+-------------+


+-------------------------------+
; Analysis & Synthesis Messages ;
+-------------------------------+
Info: *******************************************************************
Info: Running Quartus Prime Analysis & Synthesis
    Info: Version 17.1.0 Build 590 10/25/2017 SJ Standard Edition
    Info: Processing started: Thu Dec 16 22:30:57 2021
Info: Command: quartus_map --read_settings_files=on --write_settings_files=off Digital_filters -c Digital_filters
Warning (18236): Number of processors has not been specified which may cause overloading on shared machines.  Set the global assignment NUM_PARALLEL_PROCESSORS in your QSF to an appropriate value for best performance.
Info (20030): Parallel compilation is enabled and will use 4 of the 4 processors detected
Info (12021): Found 1 design units, including 1 entities, in source file src/models/ltc_2308.sv
    Info (12023): Found entity 1: ltc2308 File: D:/Yehor/FPGA_Development/FPGA_digital_filters/Quartus/src/models/ltc_2308.sv Line: 1
Info (12021): Found 1 design units, including 1 entities, in source file nco11bit/synthesis/nco11bit.v
    Info (12023): Found entity 1: nco11bit File: D:/Yehor/FPGA_Development/FPGA_digital_filters/Quartus/nco11bit/synthesis/nco11bit.v Line: 6
Info (12021): Found 1 design units, including 1 entities, in source file nco11bit/synthesis/submodules/asj_nco_mob_rw.v
    Info (12023): Found entity 1: asj_nco_mob_rw File: D:/Yehor/FPGA_Development/FPGA_digital_filters/Quartus/nco11bit/synthesis/submodules/asj_nco_mob_rw.v Line: 41
Info (12021): Found 1 design units, including 1 entities, in source file nco11bit/synthesis/submodules/asj_nco_isdr.v
    Info (12023): Found entity 1: asj_nco_isdr File: D:/Yehor/FPGA_Development/FPGA_digital_filters/Quartus/nco11bit/synthesis/submodules/asj_nco_isdr.v Line: 41
Info (12021): Found 1 design units, including 1 entities, in source file nco11bit/synthesis/submodules/asj_nco_apr_dxx.v
    Info (12023): Found entity 1: asj_nco_apr_dxx File: D:/Yehor/FPGA_Development/FPGA_digital_filters/Quartus/nco11bit/synthesis/submodules/asj_nco_apr_dxx.v Line: 41
Info (12021): Found 1 design units, including 1 entities, in source file nco11bit/synthesis/submodules/asj_dxx_g.v
    Info (12023): Found entity 1: asj_dxx_g File: D:/Yehor/FPGA_Development/FPGA_digital_filters/Quartus/nco11bit/synthesis/submodules/asj_dxx_g.v Line: 28
Info (12021): Found 1 design units, including 1 entities, in source file nco11bit/synthesis/submodules/asj_dxx.v
    Info (12023): Found entity 1: asj_dxx File: D:/Yehor/FPGA_Development/FPGA_digital_filters/Quartus/nco11bit/synthesis/submodules/asj_dxx.v Line: 41
Info (12021): Found 1 design units, including 1 entities, in source file nco11bit/synthesis/submodules/asj_gal.v
    Info (12023): Found entity 1: asj_gal File: D:/Yehor/FPGA_Development/FPGA_digital_filters/Quartus/nco11bit/synthesis/submodules/asj_gal.v Line: 42
Info (12021): Found 1 design units, including 1 entities, in source file nco11bit/synthesis/submodules/asj_nco_as_m_cen.v
    Info (12023): Found entity 1: asj_nco_as_m_cen File: D:/Yehor/FPGA_Development/FPGA_digital_filters/Quartus/nco11bit/synthesis/submodules/asj_nco_as_m_cen.v Line: 41
Info (12021): Found 1 design units, including 1 entities, in source file nco11bit/synthesis/submodules/asj_altqmcpipe.v
    Info (12023): Found entity 1: asj_altqmcpipe File: D:/Yehor/FPGA_Development/FPGA_digital_filters/Quartus/nco11bit/synthesis/submodules/asj_altqmcpipe.v Line: 28
Info (12021): Found 1 design units, including 1 entities, in source file nco11bit/synthesis/submodules/nco11bit_nco_ii_0.v
    Info (12023): Found entity 1: nco11bit_nco_ii_0 File: D:/Yehor/FPGA_Development/FPGA_digital_filters/Quartus/nco11bit/synthesis/submodules/nco11bit_nco_ii_0.v Line: 23
Info (12021): Found 1 design units, including 1 entities, in source file src/models/iir_filter.sv
    Info (12023): Found entity 1: IIR_filter File: D:/Yehor/FPGA_Development/FPGA_digital_filters/Quartus/src/models/IIR_filter.sv Line: 65
Info (12021): Found 1 design units, including 1 entities, in source file src/models/cic_filter.sv
    Info (12023): Found entity 1: CIC_filter File: D:/Yehor/FPGA_Development/FPGA_digital_filters/Quartus/src/models/CIC_filter.sv Line: 1
Info (12021): Found 1 design units, including 1 entities, in source file src/testbenches/tb.sv
    Info (12023): Found entity 1: tb File: D:/Yehor/FPGA_Development/FPGA_digital_filters/Quartus/src/testbenches/tb.sv Line: 2
Info (12021): Found 1 design units, including 1 entities, in source file src/models/fir_filter.sv
    Info (12023): Found entity 1: FIR_filter File: D:/Yehor/FPGA_Development/FPGA_digital_filters/Quartus/src/models/FIR_filter.sv Line: 1
Info (12021): Found 1 design units, including 1 entities, in source file src/models/top.sv
    Info (12023): Found entity 1: top File: D:/Yehor/FPGA_Development/FPGA_digital_filters/Quartus/src/models/top.sv Line: 1
Error (12007): Top-level design entity "ltc_2308" is undefined
Error: Quartus Prime Analysis & Synthesis was unsuccessful. 1 error, 1 warning
    Error: Peak virtual memory: 4791 megabytes
    Error: Processing ended: Thu Dec 16 22:31:07 2021
    Error: Elapsed time: 00:00:10
    Error: Total CPU time (on all processors): 00:00:22


