Info: Starting: Create simulation model
Info: qsys-generate D:\Yehor\FPGA_Development\FPGA_digital_filters\Quartus\nco11bit.qsys --simulation=VERILOG --allow-mixed-language-simulation --output-directory=D:\Yehor\FPGA_Development\FPGA_digital_filters\Quartus\nco11bit\simulation --family="Cyclone V" --part=5CSEBA6U23I7
Progress: Loading Quartus/nco11bit.qsys
Progress: Reading input file
Progress: Adding nco_ii_0 [altera_nco_ii 17.1]
Progress: Parameterizing module nco_ii_0
Progress: Building connections
Progress: Parameterizing connections
Progress: Validating
Progress: Done reading input file
Info: nco11bit: Generating nco11bit "nco11bit" for SIM_VERILOG
Info: nco_ii_0: "nco11bit" instantiated altera_nco_ii "nco_ii_0"
Info: nco11bit: Done "nco11bit" with 2 modules, 23 files
Info: qsys-generate succeeded.
Info: Finished: Create simulation model
Info: Starting: Create Modelsim Project.
Info: sim-script-gen --spd=D:\Yehor\FPGA_Development\FPGA_digital_filters\Quartus\nco11bit\nco11bit.spd --output-directory=D:/Yehor/FPGA_Development/FPGA_digital_filters/Quartus/nco11bit/simulation/ --use-relative-paths=true
Info: Doing: ip-make-simscript --spd=D:\Yehor\FPGA_Development\FPGA_digital_filters\Quartus\nco11bit\nco11bit.spd --output-directory=D:/Yehor/FPGA_Development/FPGA_digital_filters/Quartus/nco11bit/simulation/ --use-relative-paths=true
Info: Generating the following file(s) for MODELSIM simulator in D:/Yehor/FPGA_Development/FPGA_digital_filters/Quartus/nco11bit/simulation/ directory:
Info: 	mentor/msim_setup.tcl
Info: Generating the following file(s) for VCS simulator in D:/Yehor/FPGA_Development/FPGA_digital_filters/Quartus/nco11bit/simulation/ directory:
Info: 	synopsys/vcs/vcs_setup.sh
Info: Generating the following file(s) for VCSMX simulator in D:/Yehor/FPGA_Development/FPGA_digital_filters/Quartus/nco11bit/simulation/ directory:
Info: 	synopsys/vcsmx/synopsys_sim.setup
Info: 	synopsys/vcsmx/vcsmx_setup.sh
Info: Generating the following file(s) for NCSIM simulator in D:/Yehor/FPGA_Development/FPGA_digital_filters/Quartus/nco11bit/simulation/ directory:
Info: 	cadence/cds.lib
Info: 	cadence/hdl.var
Info: 	cadence/ncsim_setup.sh
Info: 	1 .cds.lib files in cadence/cds_libs/ directory
Info: Generating the following file(s) for RIVIERA simulator in D:/Yehor/FPGA_Development/FPGA_digital_filters/Quartus/nco11bit/simulation/ directory:
Info: 	aldec/rivierapro_setup.tcl
Info: For information on how to simulate your IP, see the explanatory comments in the simulator-specific subdirectories under D:/Yehor/FPGA_Development/FPGA_digital_filters/Quartus/nco11bit/simulation/.
Info: Regenerate these scripts whenever you make any change to any Quartus-generated IP in your project.
Info: Finished: Create Modelsim Project.
Info: Starting: Create block symbol file (.bsf)
Info: qsys-generate D:\Yehor\FPGA_Development\FPGA_digital_filters\Quartus\nco11bit.qsys --block-symbol-file --output-directory=D:\Yehor\FPGA_Development\FPGA_digital_filters\Quartus\nco11bit --family="Cyclone V" --part=5CSEBA6U23I7
Progress: Loading Quartus/nco11bit.qsys
Progress: Reading input file
Progress: Adding nco_ii_0 [altera_nco_ii 17.1]
Progress: Parameterizing module nco_ii_0
Progress: Building connections
Progress: Parameterizing connections
Progress: Validating
Progress: Done reading input file
Info: qsys-generate succeeded.
Info: Finished: Create block symbol file (.bsf)
Info: 
Info: Starting: Create HDL design files for synthesis
Info: qsys-generate D:\Yehor\FPGA_Development\FPGA_digital_filters\Quartus\nco11bit.qsys --synthesis=VERILOG --output-directory=D:\Yehor\FPGA_Development\FPGA_digital_filters\Quartus\nco11bit\synthesis --family="Cyclone V" --part=5CSEBA6U23I7
Progress: Loading Quartus/nco11bit.qsys
Progress: Reading input file
Progress: Adding nco_ii_0 [altera_nco_ii 17.1]
Progress: Parameterizing module nco_ii_0
Progress: Building connections
Progress: Parameterizing connections
Progress: Validating
Progress: Done reading input file
Info: nco11bit: Generating nco11bit "nco11bit" for QUARTUS_SYNTH
Info: nco_ii_0: "nco11bit" instantiated altera_nco_ii "nco_ii_0"
Info: nco11bit: Done "nco11bit" with 2 modules, 14 files
Info: qsys-generate succeeded.
Info: Finished: Create HDL design files for synthesis
